cpu-bind=MASK - n2fpga19, task  0  0 [1654519]: mask |B-------|--------||--------|--------||--------|--------||--------|--------||||B-------|--------||--------|--------||--------|--------||--------|--------|  set
cpu-bind=MASK - n2fpga19, task  0  0 [1654582]: mask |B-------|--------||--------|--------||--------|--------||--------|--------||||--------|--------||--------|--------||--------|--------||--------|--------|  set
cpu-bind=MASK - n2fpga33, task  2  0 [174092]: mask |B-------|--------||--------|--------||--------|--------||--------|--------||||--------|--------||--------|--------||--------|--------||--------|--------|  set
cpu-bind=MASK - n2fpga19, task  1  1 [1654583]: mask |--------|--------||--------|--------||--------|--------||--------|--------||||B-------|--------||--------|--------||--------|--------||--------|--------|  set
cpu-bind=MASK - n2fpga33, task  3  1 [174093]: mask |--------|--------||--------|--------||--------|--------||--------|--------||||B-------|--------||--------|--------||--------|--------||--------|--------|  set
Rank 0:
	Host: n2fpga19
	CPUs: [0]
1:   |1000000000000000000000000000000000000000000000000000000000000000|0000000000000000000000000000000000000000000000000000000000000000|
Rank 1:
	Host: n2fpga19
	CPUs: [64]
Rank 2:
1:   |0000000000000000000000000000000000000000000000000000000000000000|1000000000000000000000000000000000000000000000000000000000000000|
	Host: n2fpga33
	CPUs: [0]
Rank 3:
1:   |1000000000000000000000000000000000000000000000000000000000000000|0000000000000000000000000000000000000000000000000000000000000000|
	Host: n2fpga33
	CPUs: [64]
1:   |0000000000000000000000000000000000000000000000000000000000000000|1000000000000000000000000000000000000000000000000000000000000000|
